In file included from clstm_compute_cuda.cc:9:0:
clstm_compute.cc:49:0: warning: "CLSTM_ALL_TENSOR" redefined
 #define CLSTM_ALL_TENSOR
 ^
<command-line>:0:0: note: this is the location of the previous definition
utils.h(230): warning: statement is unreachable

utils.h(247): warning: statement is unreachable

/usr/include/eigen3/unsupported/Eigen/CXX11/src/Tensor/TensorChipping.h(92): warning: calling a __host__ function from a __host__ __device__ function is not allowed
          detected during:
            instantiation of "Eigen::TensorChippingOp<DimId, XprType>::TensorChippingOp(const XprType &, Eigen::TensorChippingOp<DimId, XprType>::Index, Eigen::TensorChippingOp<DimId, XprType>::Index) [with DimId=-1L, XprType=Eigen::TensorMap<Eigen::Tensor<ocropus::Float, 4, 0, Eigen::DenseIndex>, 0>]" 
/usr/include/eigen3/unsupported/Eigen/CXX11/src/Tensor/TensorBase.h(787): here
            instantiation of "Eigen::TensorChippingOp<-1L, Derived> Eigen::TensorBase<Derived, 1>::chip(Eigen::TensorBase<Derived, 1>::Index, Eigen::TensorBase<Derived, 1>::Index) [with Derived=Eigen::TensorMap<Eigen::Tensor<ocropus::Float, 4, 0, Eigen::DenseIndex>, 0>]" 
clstm_compute.cc(435): here

/usr/include/eigen3/Eigen/src/Core/util/Memory.h(584): warning: calling a __host__ function from a __host__ __device__ function is not allowed
          detected during:
            instantiation of "void Eigen::internal::smart_copy_helper<T, false>::run(const T *, const T *, T *) [with T=ocropus::IndexPair]" 
(574): here
            instantiation of "void Eigen::internal::smart_copy(const T *, const T *, T *) [with T=ocropus::IndexPair]" 
/usr/include/eigen3/unsupported/Eigen/CXX11/src/Core/util/EmulateArray.h(114): here
            instantiation of "Eigen::array<T, n>::array(std::initializer_list<T>) [with T=ocropus::IndexPair, n=1UL]" 
clstm_compute.cc(101): here

/usr/include/eigen3/unsupported/Eigen/CXX11/src/Tensor/TensorEvaluator.h(177): warning: calling a __host__ function from a __host__ __device__ function is not allowed
          detected during:
            instantiation of "Eigen::TensorEvaluator<const Derived, Device>::PacketReturnType Eigen::TensorEvaluator<const Derived, Device>::packet<LoadMode>(Eigen::TensorEvaluator<const Derived, Device>::Index) const [with Derived=ocropus::TensorMap2, Device=Eigen::GpuDevice, LoadMode=0]" 
/usr/include/eigen3/unsupported/Eigen/CXX11/src/Tensor/TensorContraction.h(195): here
            instantiation of "Eigen::internal::BaseTensorContractionMapper<Scalar, Index, side, Tensor, nocontract_t, contract_t, packet_size, inner_dim_contiguous, inner_dim_reordered, Alignment>::Packet Eigen::internal::BaseTensorContractionMapper<Scalar, Index, side, Tensor, nocontract_t, contract_t, packet_size, inner_dim_contiguous, inner_dim_reordered, Alignment>::loadPacket(Index, Index) const [with Scalar=ocropus::Float, Index=Eigen::DenseIndex, side=1, Tensor=Eigen::TensorEvaluator<const ocropus::TensorMap2, Eigen::GpuDevice>, nocontract_t=Eigen::array<Eigen::DenseIndex, 1UL>, contract_t=Eigen::array<Eigen::DenseIndex, 1UL>, packet_size=4, inner_dim_contiguous=true, inner_dim_reordered=false, Alignment=0]" 
/usr/include/eigen3/unsupported/Eigen/CXX11/src/Tensor/TensorContractionCuda.h(572): here
            instantiation of "void Eigen::EigenFloatContractionKernelInternal16x16<Index,LhsMapper,RhsMapper,OutputMapper,CHECK_LHS_BOUNDARY,CHECK_RHS_BOUNDARY>(LhsMapper, RhsMapper, OutputMapper, float2 (*)[16], float2 (*)[8], Index, Index, Index, Index, Index) [with Index=Eigen::DenseIndex, LhsMapper=Eigen::internal::TensorContractionInputMapper<ocropus::Float, Eigen::DenseIndex, 1, Eigen::TensorEvaluator<const ocropus::TensorMap2, Eigen::GpuDevice>, Eigen::array<Eigen::DenseIndex, 1UL>, Eigen::array<Eigen::DenseIndex, 1UL>, 4, true, false, 0>, RhsMapper=Eigen::internal::TensorContractionInputMapper<ocropus::Float, Eigen::DenseIndex, 0, Eigen::TensorEvaluator<const ocropus::TensorMap2, Eigen::GpuDevice>, Eigen::array<Eigen::DenseIndex, 1UL>, Eigen::array<Eigen::DenseIndex, 1UL>, 4, true, true, 0>, OutputMapper=Eigen::internal::blas_data_mapper<ocropus::Float, Eigen::DenseIndex, 0, 0>, CHECK_LHS_BOUNDARY=false, CHECK_RHS_BOUNDARY=false]" 
/usr/include/eigen3/unsupported/Eigen/CXX11/src/Tensor/TensorContractionCuda.h(1190): here
            instantiation of "void Eigen::EigenFloatContractionKernel16x16(LhsMapper, RhsMapper, OutputMapper, Index, Index, Index) [with Index=Eigen::DenseIndex, LhsMapper=Eigen::internal::TensorContractionInputMapper<ocropus::Float, Eigen::DenseIndex, 1, Eigen::TensorEvaluator<const ocropus::TensorMap2, Eigen::GpuDevice>, Eigen::array<Eigen::DenseIndex, 1UL>, Eigen::array<Eigen::DenseIndex, 1UL>, 4, true, false, 0>, RhsMapper=Eigen::internal::TensorContractionInputMapper<ocropus::Float, Eigen::DenseIndex, 0, Eigen::TensorEvaluator<const ocropus::TensorMap2, Eigen::GpuDevice>, Eigen::array<Eigen::DenseIndex, 1UL>, Eigen::array<Eigen::DenseIndex, 1UL>, 4, true, true, 0>, OutputMapper=Eigen::internal::blas_data_mapper<ocropus::Float, Eigen::DenseIndex, 0, 0>]" 
/usr/include/eigen3/unsupported/Eigen/CXX11/src/Tensor/TensorContractionCuda.h(1362): here
            instantiation of "void Eigen::TensorEvaluator<const Eigen::TensorContractionOp<Indices, LeftArgType, RightArgType>, Eigen::GpuDevice>::evalTyped<lhs_inner_dim_contiguous,rhs_inner_dim_contiguous,rhs_inner_dim_reordered,Alignment>(Eigen::TensorEvaluator<const Eigen::TensorContractionOp<Indices, LeftArgType, RightArgType>, Eigen::GpuDevice>::Scalar *) const [with Indices=const ocropus::Axes1, LeftArgType=const Eigen::TensorMap<Eigen::Tensor<ocropus::Float, 2, 0, Eigen::DenseIndex>, 0>, RightArgType=const ocropus::TensorMap2, lhs_inner_dim_contiguous=true, rhs_inner_dim_contiguous=true, rhs_inner_dim_reordered=true, Alignment=0]" 
/usr/include/eigen3/unsupported/Eigen/CXX11/src/Tensor/TensorContractionCuda.h(1281): here
            instantiation of "void Eigen::TensorEvaluator<const Eigen::TensorContractionOp<Indices, LeftArgType, RightArgType>, Eigen::GpuDevice>::evalTo(Eigen::TensorEvaluator<const Eigen::TensorContractionOp<Indices, LeftArgType, RightArgType>, Eigen::GpuDevice>::Scalar *) const [with Indices=const ocropus::Axes1, LeftArgType=const Eigen::TensorMap<Eigen::Tensor<ocropus::Float, 2, 0, Eigen::DenseIndex>, 0>, RightArgType=const ocropus::TensorMap2]" 
/usr/include/eigen3/unsupported/Eigen/CXX11/src/Tensor/TensorContractionCuda.h(1268): here
            instantiation of "__nv_bool Eigen::TensorEvaluator<const Eigen::TensorContractionOp<Indices, LeftArgType, RightArgType>, Eigen::GpuDevice>::evalSubExprsIfNeeded(Eigen::TensorEvaluator<const Eigen::TensorContractionOp<Indices, LeftArgType, RightArgType>, Eigen::GpuDevice>::Scalar *) [with Indices=const ocropus::Axes1, LeftArgType=const Eigen::TensorMap<Eigen::Tensor<ocropus::Float, 2, 0, Eigen::DenseIndex>, 0>, RightArgType=const ocropus::TensorMap2]" 
/usr/include/eigen3/unsupported/Eigen/CXX11/src/Tensor/TensorAssign.h(130): here
            instantiation of "__nv_bool Eigen::TensorEvaluator<const Eigen::TensorAssignOp<LeftArgType, RightArgType>, Device>::evalSubExprsIfNeeded(Eigen::TensorEvaluator<const Eigen::TensorAssignOp<LeftArgType, RightArgType>, Device>::Scalar *) [with LeftArgType=Eigen::TensorMap<Eigen::Tensor<ocropus::Float, 2, 0, Eigen::DenseIndex>, 0>, RightArgType=const Eigen::TensorContractionOp<const ocropus::Axes1, const Eigen::TensorMap<Eigen::Tensor<ocropus::Float, 2, 0, Eigen::DenseIndex>, 0>, const ocropus::TensorMap2>, Device=Eigen::GpuDevice]" 
/usr/include/eigen3/unsupported/Eigen/CXX11/src/Tensor/TensorExecutor.h(219): here
            instantiation of "void Eigen::internal::TensorExecutor<Expression, Eigen::GpuDevice, false>::run(const Expression &, const Eigen::GpuDevice &) [with Expression=const Eigen::TensorAssignOp<Eigen::TensorMap<Eigen::Tensor<ocropus::Float, 2, 0, Eigen::DenseIndex>, 0>, const Eigen::TensorContractionOp<const ocropus::Axes1, const Eigen::TensorMap<Eigen::Tensor<ocropus::Float, 2, 0, Eigen::DenseIndex>, 0>, const ocropus::TensorMap2>>]" 
/usr/include/eigen3/unsupported/Eigen/CXX11/src/Tensor/TensorDevice.h(35): here
            instantiation of "Eigen::TensorDevice<ExpressionType, DeviceType> &Eigen::TensorDevice<ExpressionType, DeviceType>::operator=(const OtherDerived &) [with ExpressionType=Eigen::TensorMap<Eigen::Tensor<ocropus::Float, 2, 0, Eigen::DenseIndex>, 0>, DeviceType=ocropus::Device, OtherDerived=Eigen::TensorContractionOp<const ocropus::Axes1, const Eigen::TensorMap<Eigen::Tensor<ocropus::Float, 2, 0, Eigen::DenseIndex>, 0>, const ocropus::TensorMap2>]" 
clstm_compute.cc(286): here

/usr/include/eigen3/unsupported/Eigen/CXX11/src/Tensor/TensorContraction.h(198): warning: dynamic initialization in unreachable code
          detected during:
            instantiation of "Eigen::internal::BaseTensorContractionMapper<Scalar, Index, side, Tensor, nocontract_t, contract_t, packet_size, inner_dim_contiguous, inner_dim_reordered, Alignment>::Packet Eigen::internal::BaseTensorContractionMapper<Scalar, Index, side, Tensor, nocontract_t, contract_t, packet_size, inner_dim_contiguous, inner_dim_reordered, Alignment>::loadPacket(Index, Index) const [with Scalar=ocropus::Float, Index=Eigen::DenseIndex, side=1, Tensor=Eigen::TensorEvaluator<const ocropus::TensorMap2, Eigen::GpuDevice>, nocontract_t=Eigen::array<Eigen::DenseIndex, 1UL>, contract_t=Eigen::array<Eigen::DenseIndex, 1UL>, packet_size=4, inner_dim_contiguous=true, inner_dim_reordered=false, Alignment=0]" 
/usr/include/eigen3/unsupported/Eigen/CXX11/src/Tensor/TensorContractionCuda.h(572): here
            instantiation of "void Eigen::EigenFloatContractionKernelInternal16x16<Index,LhsMapper,RhsMapper,OutputMapper,CHECK_LHS_BOUNDARY,CHECK_RHS_BOUNDARY>(LhsMapper, RhsMapper, OutputMapper, float2 (*)[16], float2 (*)[8], Index, Index, Index, Index, Index) [with Index=Eigen::DenseIndex, LhsMapper=Eigen::internal::TensorContractionInputMapper<ocropus::Float, Eigen::DenseIndex, 1, Eigen::TensorEvaluator<const ocropus::TensorMap2, Eigen::GpuDevice>, Eigen::array<Eigen::DenseIndex, 1UL>, Eigen::array<Eigen::DenseIndex, 1UL>, 4, true, false, 0>, RhsMapper=Eigen::internal::TensorContractionInputMapper<ocropus::Float, Eigen::DenseIndex, 0, Eigen::TensorEvaluator<const ocropus::TensorMap2, Eigen::GpuDevice>, Eigen::array<Eigen::DenseIndex, 1UL>, Eigen::array<Eigen::DenseIndex, 1UL>, 4, true, true, 0>, OutputMapper=Eigen::internal::blas_data_mapper<ocropus::Float, Eigen::DenseIndex, 0, 0>, CHECK_LHS_BOUNDARY=false, CHECK_RHS_BOUNDARY=false]" 
/usr/include/eigen3/unsupported/Eigen/CXX11/src/Tensor/TensorContractionCuda.h(1190): here
            instantiation of "void Eigen::EigenFloatContractionKernel16x16(LhsMapper, RhsMapper, OutputMapper, Index, Index, Index) [with Index=Eigen::DenseIndex, LhsMapper=Eigen::internal::TensorContractionInputMapper<ocropus::Float, Eigen::DenseIndex, 1, Eigen::TensorEvaluator<const ocropus::TensorMap2, Eigen::GpuDevice>, Eigen::array<Eigen::DenseIndex, 1UL>, Eigen::array<Eigen::DenseIndex, 1UL>, 4, true, false, 0>, RhsMapper=Eigen::internal::TensorContractionInputMapper<ocropus::Float, Eigen::DenseIndex, 0, Eigen::TensorEvaluator<const ocropus::TensorMap2, Eigen::GpuDevice>, Eigen::array<Eigen::DenseIndex, 1UL>, Eigen::array<Eigen::DenseIndex, 1UL>, 4, true, true, 0>, OutputMapper=Eigen::internal::blas_data_mapper<ocropus::Float, Eigen::DenseIndex, 0, 0>]" 
/usr/include/eigen3/unsupported/Eigen/CXX11/src/Tensor/TensorContractionCuda.h(1362): here
            instantiation of "void Eigen::TensorEvaluator<const Eigen::TensorContractionOp<Indices, LeftArgType, RightArgType>, Eigen::GpuDevice>::evalTyped<lhs_inner_dim_contiguous,rhs_inner_dim_contiguous,rhs_inner_dim_reordered,Alignment>(Eigen::TensorEvaluator<const Eigen::TensorContractionOp<Indices, LeftArgType, RightArgType>, Eigen::GpuDevice>::Scalar *) const [with Indices=const ocropus::Axes1, LeftArgType=const Eigen::TensorMap<Eigen::Tensor<ocropus::Float, 2, 0, Eigen::DenseIndex>, 0>, RightArgType=const ocropus::TensorMap2, lhs_inner_dim_contiguous=true, rhs_inner_dim_contiguous=true, rhs_inner_dim_reordered=true, Alignment=0]" 
/usr/include/eigen3/unsupported/Eigen/CXX11/src/Tensor/TensorContractionCuda.h(1281): here
            instantiation of "void Eigen::TensorEvaluator<const Eigen::TensorContractionOp<Indices, LeftArgType, RightArgType>, Eigen::GpuDevice>::evalTo(Eigen::TensorEvaluator<const Eigen::TensorContractionOp<Indices, LeftArgType, RightArgType>, Eigen::GpuDevice>::Scalar *) const [with Indices=const ocropus::Axes1, LeftArgType=const Eigen::TensorMap<Eigen::Tensor<ocropus::Float, 2, 0, Eigen::DenseIndex>, 0>, RightArgType=const ocropus::TensorMap2]" 
/usr/include/eigen3/unsupported/Eigen/CXX11/src/Tensor/TensorContractionCuda.h(1268): here
            instantiation of "__nv_bool Eigen::TensorEvaluator<const Eigen::TensorContractionOp<Indices, LeftArgType, RightArgType>, Eigen::GpuDevice>::evalSubExprsIfNeeded(Eigen::TensorEvaluator<const Eigen::TensorContractionOp<Indices, LeftArgType, RightArgType>, Eigen::GpuDevice>::Scalar *) [with Indices=const ocropus::Axes1, LeftArgType=const Eigen::TensorMap<Eigen::Tensor<ocropus::Float, 2, 0, Eigen::DenseIndex>, 0>, RightArgType=const ocropus::TensorMap2]" 
/usr/include/eigen3/unsupported/Eigen/CXX11/src/Tensor/TensorAssign.h(130): here
            instantiation of "__nv_bool Eigen::TensorEvaluator<const Eigen::TensorAssignOp<LeftArgType, RightArgType>, Device>::evalSubExprsIfNeeded(Eigen::TensorEvaluator<const Eigen::TensorAssignOp<LeftArgType, RightArgType>, Device>::Scalar *) [with LeftArgType=Eigen::TensorMap<Eigen::Tensor<ocropus::Float, 2, 0, Eigen::DenseIndex>, 0>, RightArgType=const Eigen::TensorContractionOp<const ocropus::Axes1, const Eigen::TensorMap<Eigen::Tensor<ocropus::Float, 2, 0, Eigen::DenseIndex>, 0>, const ocropus::TensorMap2>, Device=Eigen::GpuDevice]" 
/usr/include/eigen3/unsupported/Eigen/CXX11/src/Tensor/TensorExecutor.h(219): here
            instantiation of "void Eigen::internal::TensorExecutor<Expression, Eigen::GpuDevice, false>::run(const Expression &, const Eigen::GpuDevice &) [with Expression=const Eigen::TensorAssignOp<Eigen::TensorMap<Eigen::Tensor<ocropus::Float, 2, 0, Eigen::DenseIndex>, 0>, const Eigen::TensorContractionOp<const ocropus::Axes1, const Eigen::TensorMap<Eigen::Tensor<ocropus::Float, 2, 0, Eigen::DenseIndex>, 0>, const ocropus::TensorMap2>>]" 
/usr/include/eigen3/unsupported/Eigen/CXX11/src/Tensor/TensorDevice.h(35): here
            instantiation of "Eigen::TensorDevice<ExpressionType, DeviceType> &Eigen::TensorDevice<ExpressionType, DeviceType>::operator=(const OtherDerived &) [with ExpressionType=Eigen::TensorMap<Eigen::Tensor<ocropus::Float, 2, 0, Eigen::DenseIndex>, 0>, DeviceType=ocropus::Device, OtherDerived=Eigen::TensorContractionOp<const ocropus::Axes1, const Eigen::TensorMap<Eigen::Tensor<ocropus::Float, 2, 0, Eigen::DenseIndex>, 0>, const ocropus::TensorMap2>]" 
clstm_compute.cc(286): here

/usr/include/eigen3/unsupported/Eigen/CXX11/src/Tensor/TensorContraction.h(198): warning: dynamic initialization in unreachable code
          detected during:
            instantiation of "Eigen::internal::BaseTensorContractionMapper<Scalar, Index, side, Tensor, nocontract_t, contract_t, packet_size, inner_dim_contiguous, inner_dim_reordered, Alignment>::Packet Eigen::internal::BaseTensorContractionMapper<Scalar, Index, side, Tensor, nocontract_t, contract_t, packet_size, inner_dim_contiguous, inner_dim_reordered, Alignment>::loadPacket(Index, Index) const [with Scalar=ocropus::Float, Index=Eigen::DenseIndex, side=0, Tensor=Eigen::TensorEvaluator<const ocropus::TensorMap2, Eigen::GpuDevice>, nocontract_t=Eigen::array<Eigen::DenseIndex, 1UL>, contract_t=Eigen::array<Eigen::DenseIndex, 1UL>, packet_size=4, inner_dim_contiguous=true, inner_dim_reordered=false, Alignment=0]" 
/usr/include/eigen3/unsupported/Eigen/CXX11/src/Tensor/TensorContractionCuda.h(580): here
            instantiation of "void Eigen::EigenFloatContractionKernelInternal16x16<Index,LhsMapper,RhsMapper,OutputMapper,CHECK_LHS_BOUNDARY,CHECK_RHS_BOUNDARY>(LhsMapper, RhsMapper, OutputMapper, float2 (*)[16], float2 (*)[8], Index, Index, Index, Index, Index) [with Index=Eigen::DenseIndex, LhsMapper=Eigen::internal::TensorContractionInputMapper<ocropus::Float, Eigen::DenseIndex, 1, Eigen::TensorEvaluator<const ocropus::TensorMap2, Eigen::GpuDevice>, Eigen::array<Eigen::DenseIndex, 1UL>, Eigen::array<Eigen::DenseIndex, 1UL>, 4, true, false, 0>, RhsMapper=Eigen::internal::TensorContractionInputMapper<ocropus::Float, Eigen::DenseIndex, 0, Eigen::TensorEvaluator<const ocropus::TensorMap2, Eigen::GpuDevice>, Eigen::array<Eigen::DenseIndex, 1UL>, Eigen::array<Eigen::DenseIndex, 1UL>, 4, true, false, 0>, OutputMapper=Eigen::internal::blas_data_mapper<ocropus::Float, Eigen::DenseIndex, 0, 0>, CHECK_LHS_BOUNDARY=false, CHECK_RHS_BOUNDARY=false]" 
/usr/include/eigen3/unsupported/Eigen/CXX11/src/Tensor/TensorContractionCuda.h(1190): here
            instantiation of "void Eigen::EigenFloatContractionKernel16x16(LhsMapper, RhsMapper, OutputMapper, Index, Index, Index) [with Index=Eigen::DenseIndex, LhsMapper=Eigen::internal::TensorContractionInputMapper<ocropus::Float, Eigen::DenseIndex, 1, Eigen::TensorEvaluator<const ocropus::TensorMap2, Eigen::GpuDevice>, Eigen::array<Eigen::DenseIndex, 1UL>, Eigen::array<Eigen::DenseIndex, 1UL>, 4, true, false, 0>, RhsMapper=Eigen::internal::TensorContractionInputMapper<ocropus::Float, Eigen::DenseIndex, 0, Eigen::TensorEvaluator<const ocropus::TensorMap2, Eigen::GpuDevice>, Eigen::array<Eigen::DenseIndex, 1UL>, Eigen::array<Eigen::DenseIndex, 1UL>, 4, true, false, 0>, OutputMapper=Eigen::internal::blas_data_mapper<ocropus::Float, Eigen::DenseIndex, 0, 0>]" 
/usr/include/eigen3/unsupported/Eigen/CXX11/src/Tensor/TensorContractionCuda.h(1362): here
            instantiation of "void Eigen::TensorEvaluator<const Eigen::TensorContractionOp<Indices, LeftArgType, RightArgType>, Eigen::GpuDevice>::evalTyped<lhs_inner_dim_contiguous,rhs_inner_dim_contiguous,rhs_inner_dim_reordered,Alignment>(Eigen::TensorEvaluator<const Eigen::TensorContractionOp<Indices, LeftArgType, RightArgType>, Eigen::GpuDevice>::Scalar *) const [with Indices=const ocropus::Axes1, LeftArgType=const Eigen::TensorMap<Eigen::Tensor<ocropus::Float, 2, 0, Eigen::DenseIndex>, 0>, RightArgType=const ocropus::TensorMap2, lhs_inner_dim_contiguous=true, rhs_inner_dim_contiguous=true, rhs_inner_dim_reordered=false, Alignment=0]" 
/usr/include/eigen3/unsupported/Eigen/CXX11/src/Tensor/TensorContractionCuda.h(1284): here
            instantiation of "void Eigen::TensorEvaluator<const Eigen::TensorContractionOp<Indices, LeftArgType, RightArgType>, Eigen::GpuDevice>::evalTo(Eigen::TensorEvaluator<const Eigen::TensorContractionOp<Indices, LeftArgType, RightArgType>, Eigen::GpuDevice>::Scalar *) const [with Indices=const ocropus::Axes1, LeftArgType=const Eigen::TensorMap<Eigen::Tensor<ocropus::Float, 2, 0, Eigen::DenseIndex>, 0>, RightArgType=const ocropus::TensorMap2]" 
/usr/include/eigen3/unsupported/Eigen/CXX11/src/Tensor/TensorContractionCuda.h(1268): here
            instantiation of "__nv_bool Eigen::TensorEvaluator<const Eigen::TensorContractionOp<Indices, LeftArgType, RightArgType>, Eigen::GpuDevice>::evalSubExprsIfNeeded(Eigen::TensorEvaluator<const Eigen::TensorContractionOp<Indices, LeftArgType, RightArgType>, Eigen::GpuDevice>::Scalar *) [with Indices=const ocropus::Axes1, LeftArgType=const Eigen::TensorMap<Eigen::Tensor<ocropus::Float, 2, 0, Eigen::DenseIndex>, 0>, RightArgType=const ocropus::TensorMap2]" 
/usr/include/eigen3/unsupported/Eigen/CXX11/src/Tensor/TensorAssign.h(130): here
            instantiation of "__nv_bool Eigen::TensorEvaluator<const Eigen::TensorAssignOp<LeftArgType, RightArgType>, Device>::evalSubExprsIfNeeded(Eigen::TensorEvaluator<const Eigen::TensorAssignOp<LeftArgType, RightArgType>, Device>::Scalar *) [with LeftArgType=Eigen::TensorMap<Eigen::Tensor<ocropus::Float, 2, 0, Eigen::DenseIndex>, 0>, RightArgType=const Eigen::TensorContractionOp<const ocropus::Axes1, const Eigen::TensorMap<Eigen::Tensor<ocropus::Float, 2, 0, Eigen::DenseIndex>, 0>, const ocropus::TensorMap2>, Device=Eigen::GpuDevice]" 
/usr/include/eigen3/unsupported/Eigen/CXX11/src/Tensor/TensorExecutor.h(219): here
            instantiation of "void Eigen::internal::TensorExecutor<Expression, Eigen::GpuDevice, false>::run(const Expression &, const Eigen::GpuDevice &) [with Expression=const Eigen::TensorAssignOp<Eigen::TensorMap<Eigen::Tensor<ocropus::Float, 2, 0, Eigen::DenseIndex>, 0>, const Eigen::TensorContractionOp<const ocropus::Axes1, const Eigen::TensorMap<Eigen::Tensor<ocropus::Float, 2, 0, Eigen::DenseIndex>, 0>, const ocropus::TensorMap2>>]" 
/usr/include/eigen3/unsupported/Eigen/CXX11/src/Tensor/TensorDevice.h(35): here
            instantiation of "Eigen::TensorDevice<ExpressionType, DeviceType> &Eigen::TensorDevice<ExpressionType, DeviceType>::operator=(const OtherDerived &) [with ExpressionType=Eigen::TensorMap<Eigen::Tensor<ocropus::Float, 2, 0, Eigen::DenseIndex>, 0>, DeviceType=ocropus::Device, OtherDerived=Eigen::TensorContractionOp<const ocropus::Axes1, const Eigen::TensorMap<Eigen::Tensor<ocropus::Float, 2, 0, Eigen::DenseIndex>, 0>, const ocropus::TensorMap2>]" 
clstm_compute.cc(286): here

/usr/include/eigen3/unsupported/Eigen/CXX11/src/Tensor/TensorAssign.h(130): warning: calling a __host__ function from a __host__ __device__ function is not allowed
          detected during:
            instantiation of "__nv_bool Eigen::TensorEvaluator<const Eigen::TensorAssignOp<LeftArgType, RightArgType>, Device>::evalSubExprsIfNeeded(Eigen::TensorEvaluator<const Eigen::TensorAssignOp<LeftArgType, RightArgType>, Device>::Scalar *) [with LeftArgType=Eigen::TensorMap<Eigen::Tensor<ocropus::Float, 2, 0, Eigen::DenseIndex>, 0>, RightArgType=const Eigen::TensorContractionOp<const ocropus::Axes1, const Eigen::TensorMap<Eigen::Tensor<ocropus::Float, 2, 0, Eigen::DenseIndex>, 0>, const ocropus::TensorMap2>, Device=Eigen::GpuDevice]" 
/usr/include/eigen3/unsupported/Eigen/CXX11/src/Tensor/TensorExecutor.h(219): here
            instantiation of "void Eigen::internal::TensorExecutor<Expression, Eigen::GpuDevice, false>::run(const Expression &, const Eigen::GpuDevice &) [with Expression=const Eigen::TensorAssignOp<Eigen::TensorMap<Eigen::Tensor<ocropus::Float, 2, 0, Eigen::DenseIndex>, 0>, const Eigen::TensorContractionOp<const ocropus::Axes1, const Eigen::TensorMap<Eigen::Tensor<ocropus::Float, 2, 0, Eigen::DenseIndex>, 0>, const ocropus::TensorMap2>>]" 
/usr/include/eigen3/unsupported/Eigen/CXX11/src/Tensor/TensorDevice.h(35): here
            instantiation of "Eigen::TensorDevice<ExpressionType, DeviceType> &Eigen::TensorDevice<ExpressionType, DeviceType>::operator=(const OtherDerived &) [with ExpressionType=Eigen::TensorMap<Eigen::Tensor<ocropus::Float, 2, 0, Eigen::DenseIndex>, 0>, DeviceType=ocropus::Device, OtherDerived=Eigen::TensorContractionOp<const ocropus::Axes1, const Eigen::TensorMap<Eigen::Tensor<ocropus::Float, 2, 0, Eigen::DenseIndex>, 0>, const ocropus::TensorMap2>]" 
clstm_compute.cc(286): here

/usr/include/eigen3/unsupported/Eigen/CXX11/src/Tensor/TensorEvaluator.h(340): warning: calling a __host__ function from a __host__ __device__ function is not allowed
          detected during:
            instantiation of "__nv_bool Eigen::TensorEvaluator<const Eigen::TensorCwiseBinaryOp<BinaryOp, LeftArgType, RightArgType>, Device>::evalSubExprsIfNeeded(Eigen::TensorEvaluator<const Eigen::TensorCwiseBinaryOp<BinaryOp, LeftArgType, RightArgType>, Device>::CoeffReturnType *) [with BinaryOp=Eigen::internal::scalar_sum_op<ocropus::Float>, LeftArgType=const Eigen::TensorMap<Eigen::Tensor<ocropus::Float, 2, 0, Eigen::DenseIndex>, 0>, RightArgType=const Eigen::TensorContractionOp<const ocropus::Axes1, const Eigen::TensorMap<Eigen::Tensor<ocropus::Float, 2, 0, Eigen::DenseIndex>, 0>, const ocropus::TensorMap2>, Device=Eigen::GpuDevice]" 
/usr/include/eigen3/unsupported/Eigen/CXX11/src/Tensor/TensorAssign.h(130): here
            instantiation of "__nv_bool Eigen::TensorEvaluator<const Eigen::TensorAssignOp<LeftArgType, RightArgType>, Device>::evalSubExprsIfNeeded(Eigen::TensorEvaluator<const Eigen::TensorAssignOp<LeftArgType, RightArgType>, Device>::Scalar *) [with LeftArgType=Eigen::TensorMap<Eigen::Tensor<ocropus::Float, 2, 0, Eigen::DenseIndex>, 0>, RightArgType=const Eigen::TensorCwiseBinaryOp<Eigen::internal::scalar_sum_op<ocropus::Float>, const Eigen::TensorMap<Eigen::Tensor<ocropus::Float, 2, 0, Eigen::DenseIndex>, 0>, const Eigen::TensorContractionOp<const ocropus::Axes1, const Eigen::TensorMap<Eigen::Tensor<ocropus::Float, 2, 0, Eigen::DenseIndex>, 0>, const ocropus::TensorMap2>>, Device=Eigen::GpuDevice]" 
/usr/include/eigen3/unsupported/Eigen/CXX11/src/Tensor/TensorExecutor.h(219): here
            instantiation of "void Eigen::internal::TensorExecutor<Expression, Eigen::GpuDevice, false>::run(const Expression &, const Eigen::GpuDevice &) [with Expression=const Eigen::TensorAssignOp<Eigen::TensorMap<Eigen::Tensor<ocropus::Float, 2, 0, Eigen::DenseIndex>, 0>, const Eigen::TensorCwiseBinaryOp<Eigen::internal::scalar_sum_op<ocropus::Float>, const Eigen::TensorMap<Eigen::Tensor<ocropus::Float, 2, 0, Eigen::DenseIndex>, 0>, const Eigen::TensorContractionOp<const ocropus::Axes1, const Eigen::TensorMap<Eigen::Tensor<ocropus::Float, 2, 0, Eigen::DenseIndex>, 0>, const ocropus::TensorMap2>>>]" 
/usr/include/eigen3/unsupported/Eigen/CXX11/src/Tensor/TensorDevice.h(46): here
            instantiation of "Eigen::TensorDevice<ExpressionType, DeviceType> &Eigen::TensorDevice<ExpressionType, DeviceType>::operator+=(const OtherDerived &) [with ExpressionType=Eigen::TensorMap<Eigen::Tensor<ocropus::Float, 2, 0, Eigen::DenseIndex>, 0>, DeviceType=ocropus::Device, OtherDerived=Eigen::TensorContractionOp<const ocropus::Axes1, const Eigen::TensorMap<Eigen::Tensor<ocropus::Float, 2, 0, Eigen::DenseIndex>, 0>, const ocropus::TensorMap2>]" 
clstm_compute.cc(296): here

/usr/include/eigen3/unsupported/Eigen/CXX11/src/Tensor/TensorIndexList.h(535): warning: calling a constexpr __host__ function("run") from a __host__ __device__ function("indices_statically_known_to_increase") is not allowed. The experimental flag '--expt-relaxed-constexpr' can be used to allow this.
          detected during:
            instantiation of "__nv_bool Eigen::internal::indices_statically_known_to_increase<T>() [with T=const ocropus::Indexes1]" 
/usr/include/eigen3/unsupported/Eigen/CXX11/src/Tensor/TensorReduction.h(91): here
            instantiation of class "Eigen::internal::are_inner_most_dims<ReducedDims, NumTensorDims, 0> [with ReducedDims=const ocropus::Indexes1, NumTensorDims=2]" 
/usr/include/eigen3/unsupported/Eigen/CXX11/src/Tensor/TensorReduction.h(403): here
            instantiation of class "Eigen::TensorEvaluator<const Eigen::TensorReductionOp<Op, Dims, ArgType>, Device> [with Op=Eigen::internal::SumReducer<ocropus::Float>, Dims=const ocropus::Indexes1, ArgType=const Eigen::TensorMap<Eigen::Tensor<ocropus::Float, 2, 0, Eigen::DenseIndex>, 0>, Device=Eigen::GpuDevice]" 
/usr/include/eigen3/unsupported/Eigen/CXX11/src/Tensor/TensorEvaluator.h(310): here
            instantiation of class "Eigen::TensorEvaluator<const Eigen::TensorCwiseBinaryOp<BinaryOp, LeftArgType, RightArgType>, Device> [with BinaryOp=Eigen::internal::scalar_sum_op<ocropus::Float>, LeftArgType=const Eigen::TensorMap<Eigen::Tensor<ocropus::Float, 1, 0, Eigen::DenseIndex>, 0>, RightArgType=const Eigen::TensorReductionOp<Eigen::internal::SumReducer<ocropus::Float>, const ocropus::Indexes1, const Eigen::TensorMap<Eigen::Tensor<ocropus::Float, 2, 0, Eigen::DenseIndex>, 0>>, Device=Eigen::GpuDevice]" 
/usr/include/eigen3/unsupported/Eigen/CXX11/src/Tensor/TensorAssign.h(97): here
            instantiation of class "Eigen::TensorEvaluator<const Eigen::TensorAssignOp<LeftArgType, RightArgType>, Device> [with LeftArgType=Eigen::TensorMap<Eigen::Tensor<ocropus::Float, 1, 0, Eigen::DenseIndex>, 0>, RightArgType=const Eigen::TensorCwiseBinaryOp<Eigen::internal::scalar_sum_op<ocropus::Float>, const Eigen::TensorMap<Eigen::Tensor<ocropus::Float, 1, 0, Eigen::DenseIndex>, 0>, const Eigen::TensorReductionOp<Eigen::internal::SumReducer<ocropus::Float>, const ocropus::Indexes1, const Eigen::TensorMap<Eigen::Tensor<ocropus::Float, 2, 0, Eigen::DenseIndex>, 0>>>, Device=Eigen::GpuDevice]" 
/usr/include/eigen3/unsupported/Eigen/CXX11/src/Tensor/TensorForwardDeclarations.h(83): here
            instantiation of class "Eigen::internal::IsVectorizable<Eigen::GpuDevice, Expression> [with Expression=const Eigen::TensorAssignOp<Eigen::TensorMap<Eigen::Tensor<ocropus::Float, 1, 0, Eigen::DenseIndex>, 0>, const Eigen::TensorCwiseBinaryOp<Eigen::internal::scalar_sum_op<ocropus::Float>, const Eigen::TensorMap<Eigen::Tensor<ocropus::Float, 1, 0, Eigen::DenseIndex>, 0>, const Eigen::TensorReductionOp<Eigen::internal::SumReducer<ocropus::Float>, const ocropus::Indexes1, const Eigen::TensorMap<Eigen::Tensor<ocropus::Float, 2, 0, Eigen::DenseIndex>, 0>>>>]" 
/usr/include/eigen3/unsupported/Eigen/CXX11/src/Tensor/TensorForwardDeclarations.h(88): here
            processing of template argument list for "Eigen::internal::TensorExecutor" based on template arguments <const Assign, ocropus::Device> 
/usr/include/eigen3/unsupported/Eigen/CXX11/src/Tensor/TensorDevice.h(46): here
            instantiation of "Eigen::TensorDevice<ExpressionType, DeviceType> &Eigen::TensorDevice<ExpressionType, DeviceType>::operator+=(const OtherDerived &) [with ExpressionType=Eigen::TensorMap<Eigen::Tensor<ocropus::Float, 1, 0, Eigen::DenseIndex>, 0>, DeviceType=ocropus::Device, OtherDerived=Eigen::TensorReductionOp<Eigen::internal::SumReducer<ocropus::Float>, const ocropus::Indexes1, const Eigen::TensorMap<Eigen::Tensor<ocropus::Float, 2, 0, Eigen::DenseIndex>, 0>>]" 
clstm_compute.cc(298): here

/usr/include/eigen3/unsupported/Eigen/CXX11/src/Tensor/TensorEvaluator.h(340): warning: calling a __host__ function from a __host__ __device__ function is not allowed
          detected during:
            instantiation of "__nv_bool Eigen::TensorEvaluator<const Eigen::TensorCwiseBinaryOp<BinaryOp, LeftArgType, RightArgType>, Device>::evalSubExprsIfNeeded(Eigen::TensorEvaluator<const Eigen::TensorCwiseBinaryOp<BinaryOp, LeftArgType, RightArgType>, Device>::CoeffReturnType *) [with BinaryOp=Eigen::internal::scalar_sum_op<ocropus::Float>, LeftArgType=const Eigen::TensorMap<Eigen::Tensor<ocropus::Float, 1, 0, Eigen::DenseIndex>, 0>, RightArgType=const Eigen::TensorReductionOp<Eigen::internal::SumReducer<ocropus::Float>, const ocropus::Indexes1, const Eigen::TensorMap<Eigen::Tensor<ocropus::Float, 2, 0, Eigen::DenseIndex>, 0>>, Device=Eigen::GpuDevice]" 
/usr/include/eigen3/unsupported/Eigen/CXX11/src/Tensor/TensorAssign.h(130): here
            instantiation of "__nv_bool Eigen::TensorEvaluator<const Eigen::TensorAssignOp<LeftArgType, RightArgType>, Device>::evalSubExprsIfNeeded(Eigen::TensorEvaluator<const Eigen::TensorAssignOp<LeftArgType, RightArgType>, Device>::Scalar *) [with LeftArgType=Eigen::TensorMap<Eigen::Tensor<ocropus::Float, 1, 0, Eigen::DenseIndex>, 0>, RightArgType=const Eigen::TensorCwiseBinaryOp<Eigen::internal::scalar_sum_op<ocropus::Float>, const Eigen::TensorMap<Eigen::Tensor<ocropus::Float, 1, 0, Eigen::DenseIndex>, 0>, const Eigen::TensorReductionOp<Eigen::internal::SumReducer<ocropus::Float>, const ocropus::Indexes1, const Eigen::TensorMap<Eigen::Tensor<ocropus::Float, 2, 0, Eigen::DenseIndex>, 0>>>, Device=Eigen::GpuDevice]" 
/usr/include/eigen3/unsupported/Eigen/CXX11/src/Tensor/TensorExecutor.h(219): here
            instantiation of "void Eigen::internal::TensorExecutor<Expression, Eigen::GpuDevice, false>::run(const Expression &, const Eigen::GpuDevice &) [with Expression=const Eigen::TensorAssignOp<Eigen::TensorMap<Eigen::Tensor<ocropus::Float, 1, 0, Eigen::DenseIndex>, 0>, const Eigen::TensorCwiseBinaryOp<Eigen::internal::scalar_sum_op<ocropus::Float>, const Eigen::TensorMap<Eigen::Tensor<ocropus::Float, 1, 0, Eigen::DenseIndex>, 0>, const Eigen::TensorReductionOp<Eigen::internal::SumReducer<ocropus::Float>, const ocropus::Indexes1, const Eigen::TensorMap<Eigen::Tensor<ocropus::Float, 2, 0, Eigen::DenseIndex>, 0>>>>]" 
/usr/include/eigen3/unsupported/Eigen/CXX11/src/Tensor/TensorDevice.h(46): here
            instantiation of "Eigen::TensorDevice<ExpressionType, DeviceType> &Eigen::TensorDevice<ExpressionType, DeviceType>::operator+=(const OtherDerived &) [with ExpressionType=Eigen::TensorMap<Eigen::Tensor<ocropus::Float, 1, 0, Eigen::DenseIndex>, 0>, DeviceType=ocropus::Device, OtherDerived=Eigen::TensorReductionOp<Eigen::internal::SumReducer<ocropus::Float>, const ocropus::Indexes1, const Eigen::TensorMap<Eigen::Tensor<ocropus::Float, 2, 0, Eigen::DenseIndex>, 0>>]" 
clstm_compute.cc(298): here

/usr/include/eigen3/unsupported/Eigen/CXX11/src/Tensor/TensorEvaluator.h(177): warning: calling a __host__ function from a __host__ __device__ function is not allowed
          detected during:
            instantiation of "Eigen::TensorEvaluator<const Derived, Device>::PacketReturnType Eigen::TensorEvaluator<const Derived, Device>::packet<LoadMode>(Eigen::TensorEvaluator<const Derived, Device>::Index) const [with Derived=Eigen::TensorMap<Eigen::Tensor<ocropus::Float, 2, 0, Eigen::DenseIndex>, 0>, Device=Eigen::DefaultDevice, LoadMode=0]" 
/usr/include/eigen3/unsupported/Eigen/CXX11/src/Tensor/TensorReduction.h(164): here
            instantiation of "Self::CoeffReturnType Eigen::internal::InnerMostDimReducer<Self, Op, true>::reduce(const Self &, Self::Index, Self::Index, Op &) [with Self=Eigen::TensorEvaluator<const Eigen::TensorReductionOp<Eigen::internal::SumReducer<ocropus::Float>, const ocropus::Indexes1, const Eigen::TensorMap<Eigen::Tensor<ocropus::Float, 2, 0, Eigen::DenseIndex>, 0>>, Eigen::DefaultDevice>, Op=Eigen::internal::SumReducer<ocropus::Float>]" 
/usr/include/eigen3/unsupported/Eigen/CXX11/src/Tensor/TensorReduction.h(215): here
            instantiation of "void Eigen::internal::FullReducer<Self, Op, Device, Vectorizable>::run(const Self &, Op &, const Device &, Self::CoeffReturnType *) [with Self=Eigen::TensorEvaluator<const Eigen::TensorReductionOp<Eigen::internal::SumReducer<ocropus::Float>, const ocropus::Indexes1, const Eigen::TensorMap<Eigen::Tensor<ocropus::Float, 2, 0, Eigen::DenseIndex>, 0>>, Eigen::DefaultDevice>, Op=Eigen::internal::SumReducer<ocropus::Float>, Device=Eigen::DefaultDevice, Vectorizable=true]" 
/usr/include/eigen3/unsupported/Eigen/CXX11/src/Tensor/TensorReduction.h(498): here
            instantiation of "__nv_bool Eigen::TensorEvaluator<const Eigen::TensorReductionOp<Op, Dims, ArgType>, Device>::evalSubExprsIfNeeded(Eigen::TensorEvaluator<const Eigen::TensorReductionOp<Op, Dims, ArgType>, Device>::CoeffReturnType *) [with Op=Eigen::internal::SumReducer<ocropus::Float>, Dims=const ocropus::Indexes1, ArgType=const Eigen::TensorMap<Eigen::Tensor<ocropus::Float, 2, 0, Eigen::DenseIndex>, 0>, Device=Eigen::DefaultDevice]" 
/usr/include/eigen3/unsupported/Eigen/CXX11/src/Tensor/TensorAssign.h(130): here
            instantiation of "__nv_bool Eigen::TensorEvaluator<const Eigen::TensorAssignOp<LeftArgType, RightArgType>, Device>::evalSubExprsIfNeeded(Eigen::TensorEvaluator<const Eigen::TensorAssignOp<LeftArgType, RightArgType>, Device>::Scalar *) [with LeftArgType=Eigen::Tensor<ocropus::Float, 1, 0, Eigen::DenseIndex>, RightArgType=const Eigen::TensorReductionOp<Eigen::internal::SumReducer<ocropus::Float>, const ocropus::Indexes1, const Eigen::TensorMap<Eigen::Tensor<ocropus::Float, 2, 0, Eigen::DenseIndex>, 0>>, Device=Eigen::DefaultDevice]" 
/usr/include/eigen3/unsupported/Eigen/CXX11/src/Tensor/TensorExecutor.h(57): here
            instantiation of "void Eigen::internal::TensorExecutor<Expression, Eigen::DefaultDevice, true>::run(const Expression &, const Eigen::DefaultDevice &) [with Expression=const Eigen::TensorAssignOp<Eigen::Tensor<ocropus::Float, 1, 0, Eigen::DenseIndex>, const Eigen::TensorReductionOp<Eigen::internal::SumReducer<ocropus::Float>, const ocropus::Indexes1, const Eigen::TensorMap<Eigen::Tensor<ocropus::Float, 2, 0, Eigen::DenseIndex>, 0>>>]" 
/usr/include/eigen3/unsupported/Eigen/CXX11/src/Tensor/Tensor.h(391): here
            instantiation of "Eigen::Tensor<Scalar_, NumIndices_, Options_, IndexType_>::Tensor(const Eigen::TensorBase<OtherDerived, 0> &) [with Scalar_=ocropus::Float, NumIndices_=1, Options_=0, IndexType_=Eigen::DenseIndex, OtherDerived=Eigen::TensorReductionOp<Eigen::internal::SumReducer<ocropus::Float>, const ocropus::Indexes1, const Eigen::TensorMap<Eigen::Tensor<ocropus::Float, 2, 0, Eigen::DenseIndex>, 0>>]" 
clstm_compute.cc(335): here

/usr/include/eigen3/unsupported/Eigen/CXX11/src/Tensor/TensorAssign.h(130): warning: calling a __host__ function from a __host__ __device__ function is not allowed
          detected during:
            instantiation of "__nv_bool Eigen::TensorEvaluator<const Eigen::TensorAssignOp<LeftArgType, RightArgType>, Device>::evalSubExprsIfNeeded(Eigen::TensorEvaluator<const Eigen::TensorAssignOp<LeftArgType, RightArgType>, Device>::Scalar *) [with LeftArgType=Eigen::Tensor<ocropus::Float, 1, 0, Eigen::DenseIndex>, RightArgType=const Eigen::TensorReductionOp<Eigen::internal::SumReducer<ocropus::Float>, const ocropus::Indexes1, const Eigen::TensorMap<Eigen::Tensor<ocropus::Float, 2, 0, Eigen::DenseIndex>, 0>>, Device=Eigen::DefaultDevice]" 
/usr/include/eigen3/unsupported/Eigen/CXX11/src/Tensor/TensorExecutor.h(57): here
            instantiation of "void Eigen::internal::TensorExecutor<Expression, Eigen::DefaultDevice, true>::run(const Expression &, const Eigen::DefaultDevice &) [with Expression=const Eigen::TensorAssignOp<Eigen::Tensor<ocropus::Float, 1, 0, Eigen::DenseIndex>, const Eigen::TensorReductionOp<Eigen::internal::SumReducer<ocropus::Float>, const ocropus::Indexes1, const Eigen::TensorMap<Eigen::Tensor<ocropus::Float, 2, 0, Eigen::DenseIndex>, 0>>>]" 
/usr/include/eigen3/unsupported/Eigen/CXX11/src/Tensor/Tensor.h(391): here
            instantiation of "Eigen::Tensor<Scalar_, NumIndices_, Options_, IndexType_>::Tensor(const Eigen::TensorBase<OtherDerived, 0> &) [with Scalar_=ocropus::Float, NumIndices_=1, Options_=0, IndexType_=Eigen::DenseIndex, OtherDerived=Eigen::TensorReductionOp<Eigen::internal::SumReducer<ocropus::Float>, const ocropus::Indexes1, const Eigen::TensorMap<Eigen::Tensor<ocropus::Float, 2, 0, Eigen::DenseIndex>, 0>>]" 
clstm_compute.cc(335): here

/usr/include/eigen3/unsupported/Eigen/CXX11/src/Tensor/TensorChipping.h(152): warning: calling a __host__ function from a __host__ __device__ function is not allowed
          detected during:
            instantiation of "Eigen::TensorEvaluator<const Eigen::TensorChippingOp<DimId, ArgType>, Device>::TensorEvaluator(const Eigen::TensorEvaluator<const Eigen::TensorChippingOp<DimId, ArgType>, Device>::XprType &, const Device &) [with DimId=-1L, ArgType=Eigen::TensorMap<Eigen::Tensor<ocropus::Float, 4, 0, Eigen::DenseIndex>, 0>, Device=Eigen::GpuDevice]" 
(311): here
            instantiation of "Eigen::TensorEvaluator<Eigen::TensorChippingOp<DimId, ArgType>, Device>::TensorEvaluator(const Eigen::TensorEvaluator<Eigen::TensorChippingOp<DimId, ArgType>, Device>::XprType &, const Device &) [with DimId=-1L, ArgType=Eigen::TensorMap<Eigen::Tensor<ocropus::Float, 4, 0, Eigen::DenseIndex>, 0>, Device=Eigen::GpuDevice]" 
/usr/include/eigen3/unsupported/Eigen/CXX11/src/Tensor/TensorAssign.h(103): here
            instantiation of "Eigen::TensorEvaluator<const Eigen::TensorAssignOp<LeftArgType, RightArgType>, Device>::TensorEvaluator(const Eigen::TensorEvaluator<const Eigen::TensorAssignOp<LeftArgType, RightArgType>, Device>::XprType &, const Device &) [with LeftArgType=Eigen::TensorChippingOp<-1L, Eigen::TensorMap<Eigen::Tensor<ocropus::Float, 4, 0, Eigen::DenseIndex>, 0>>, RightArgType=const Eigen::TensorShufflingOp<const ocropus::Indexes3, Eigen::TensorChippingOp<-1L, Eigen::TensorMap<Eigen::Tensor<ocropus::Float, 4, 0, Eigen::DenseIndex>, 0>>>, Device=Eigen::GpuDevice]" 
/usr/include/eigen3/unsupported/Eigen/CXX11/src/Tensor/TensorExecutor.h(218): here
            instantiation of "void Eigen::internal::TensorExecutor<Expression, Eigen::GpuDevice, false>::run(const Expression &, const Eigen::GpuDevice &) [with Expression=const Eigen::TensorAssignOp<Eigen::TensorChippingOp<-1L, Eigen::TensorMap<Eigen::Tensor<ocropus::Float, 4, 0, Eigen::DenseIndex>, 0>>, const Eigen::TensorShufflingOp<const ocropus::Indexes3, Eigen::TensorChippingOp<-1L, Eigen::TensorMap<Eigen::Tensor<ocropus::Float, 4, 0, Eigen::DenseIndex>, 0>>>>]" 
/usr/include/eigen3/unsupported/Eigen/CXX11/src/Tensor/TensorDevice.h(35): here
            instantiation of "Eigen::TensorDevice<ExpressionType, DeviceType> &Eigen::TensorDevice<ExpressionType, DeviceType>::operator=(const OtherDerived &) [with ExpressionType=Eigen::TensorChippingOp<-1L, Eigen::TensorMap<Eigen::Tensor<ocropus::Float, 4, 0, Eigen::DenseIndex>, 0>>, DeviceType=ocropus::Device, OtherDerived=Eigen::TensorShufflingOp<const ocropus::Indexes3, Eigen::TensorChippingOp<-1L, Eigen::TensorMap<Eigen::Tensor<ocropus::Float, 4, 0, Eigen::DenseIndex>, 0>>>]" 
clstm_compute.cc(435): here

/usr/include/eigen3/unsupported/Eigen/CXX11/src/Tensor/TensorExecutor.h(57) (col. 16): warning: calling a __host__ function("Eigen::TensorEvaluator<const  ::Eigen::TensorReductionOp< ::Eigen::internal::SumReducer<float> , const  ::Eigen::array<long, (unsigned long)1ul> , const  ::Eigen::TensorMap< ::Eigen::Tensor<float, (int)2, (int)0, long> , (int)0> > ,  ::Eigen::DefaultDevice> ::evalSubExprsIfNeeded") from a __host__ __device__ function("Eigen::internal::TensorExecutor<const  ::Eigen::TensorAssignOp< ::Eigen::Tensor<float, (int)1, (int)0, long> , const  ::Eigen::TensorReductionOp< ::Eigen::internal::SumReducer<float> , const  ::Eigen::array<long, (unsigned long)1ul> , const  ::Eigen::TensorMap< ::Eigen::Tensor<float, (int)2, (int)0, long> , (int)0> > > ,  ::Eigen::DefaultDevice, (bool)1> ::run") is not allowed

In file included from clstm_compute_cuda.cc:9:0:
clstm_compute.cc:49:0: warning: "CLSTM_ALL_TENSOR" redefined
 #define CLSTM_ALL_TENSOR
 ^
<command-line>:0:0: note: this is the location of the previous definition
utils.h(230): warning: statement is unreachable

utils.h(247): warning: statement is unreachable

